mode: set
lapakUmkm/features/categories/service/service.go:14.85,19.2 1 1
lapakUmkm/features/categories/service/service.go:21.73,23.2 1 1
lapakUmkm/features/categories/service/service.go:25.79,27.2 1 1
lapakUmkm/features/categories/service/service.go:29.111,32.24 3 1
lapakUmkm/features/categories/service/service.go:32.24,34.3 1 1
lapakUmkm/features/categories/service/service.go:36.2,37.16 2 1
lapakUmkm/features/categories/service/service.go:37.16,39.3 1 1
lapakUmkm/features/categories/service/service.go:41.2,41.35 1 1
lapakUmkm/features/categories/service/service.go:44.120,47.24 3 1
lapakUmkm/features/categories/service/service.go:47.24,49.3 1 1
lapakUmkm/features/categories/service/service.go:51.2,51.62 1 1
lapakUmkm/features/categories/service/service.go:51.62,53.3 1 1
lapakUmkm/features/categories/service/service.go:55.2,56.16 2 1
lapakUmkm/features/categories/service/service.go:56.16,58.3 1 1
lapakUmkm/features/categories/service/service.go:59.2,59.30 1 1
lapakUmkm/features/categories/service/service.go:62.49,63.49 1 1
lapakUmkm/features/categories/service/service.go:63.49,65.3 1 1
lapakUmkm/features/categories/service/service.go:67.2,67.27 1 1
lapakUmkm/features/chats/service/service.go:15.58,20.2 1 1
lapakUmkm/features/chats/service/service.go:22.81,25.24 3 1
lapakUmkm/features/chats/service/service.go:25.24,27.3 1 0
lapakUmkm/features/chats/service/service.go:28.2,29.16 2 1
lapakUmkm/features/chats/service/service.go:29.16,31.3 1 1
lapakUmkm/features/chats/service/service.go:32.2,32.34 1 1
lapakUmkm/features/chats/service/service.go:35.73,37.16 2 1
lapakUmkm/features/chats/service/service.go:37.16,40.3 1 1
lapakUmkm/features/chats/service/service.go:41.2,41.17 1 1
lapakUmkm/features/chats/service/service.go:44.62,46.2 1 1
lapakUmkm/features/chats/service/service.go:48.80,50.2 1 1
lapakUmkm/features/chats/service/service.go:52.81,54.2 1 1
lapakUmkm/features/productTransactionDetails/service/service.go:14.147,19.2 1 1
lapakUmkm/features/productTransactionDetails/service/service.go:21.206,23.16 2 1
lapakUmkm/features/productTransactionDetails/service/service.go:23.16,25.3 1 1
lapakUmkm/features/productTransactionDetails/service/service.go:27.2,27.30 1 1
lapakUmkm/features/productTransactionDetails/service/service.go:30.127,32.2 1 1
lapakUmkm/features/productTransactionDetails/service/service.go:34.145,36.2 1 1
lapakUmkm/features/products/service/service.go:15.79,20.2 1 1
lapakUmkm/features/products/service/service.go:22.105,24.2 1 1
lapakUmkm/features/products/service/service.go:26.75,28.2 1 1
lapakUmkm/features/products/service/service.go:30.103,33.24 3 1
lapakUmkm/features/products/service/service.go:33.24,35.3 1 1
lapakUmkm/features/products/service/service.go:37.2,38.16 2 1
lapakUmkm/features/products/service/service.go:38.16,40.3 1 1
lapakUmkm/features/products/service/service.go:42.2,42.37 1 1
lapakUmkm/features/products/service/service.go:45.120,48.24 3 1
lapakUmkm/features/products/service/service.go:48.24,50.3 1 1
lapakUmkm/features/products/service/service.go:52.2,53.16 2 1
lapakUmkm/features/products/service/service.go:53.16,55.3 1 1
lapakUmkm/features/products/service/service.go:56.2,56.30 1 1
lapakUmkm/features/products/service/service.go:59.56,61.16 2 1
lapakUmkm/features/products/service/service.go:61.16,63.3 1 1
lapakUmkm/features/products/service/service.go:65.2,65.37 1 1
lapakUmkm/features/products/service/service.go:65.37,67.3 1 1
lapakUmkm/features/products/service/service.go:69.2,69.27 1 1
lapakUmkm/features/users/service/service.go:19.67,23.2 1 1
lapakUmkm/features/users/service/service.go:25.66,27.2 1 1
lapakUmkm/features/users/service/service.go:29.85,30.61 1 1
lapakUmkm/features/users/service/service.go:30.61,32.3 1 1
lapakUmkm/features/users/service/service.go:34.2,36.24 3 1
lapakUmkm/features/users/service/service.go:36.24,38.3 1 1
lapakUmkm/features/users/service/service.go:40.2,41.16 2 1
lapakUmkm/features/users/service/service.go:41.16,43.3 1 1
lapakUmkm/features/users/service/service.go:45.2,45.35 1 1
lapakUmkm/features/users/service/service.go:48.91,49.62 1 1
lapakUmkm/features/users/service/service.go:49.62,51.3 1 1
lapakUmkm/features/users/service/service.go:53.2,54.16 2 1
lapakUmkm/features/users/service/service.go:54.16,56.3 1 1
lapakUmkm/features/users/service/service.go:58.2,58.30 1 1
lapakUmkm/features/users/service/service.go:61.45,62.49 1 1
lapakUmkm/features/users/service/service.go:62.49,64.3 1 1
lapakUmkm/features/users/service/service.go:66.2,66.27 1 1
lapakUmkm/features/users/service/service.go:69.99,72.60 2 1
lapakUmkm/features/users/service/service.go:72.60,74.3 1 1
lapakUmkm/features/users/service/service.go:76.2,76.28 1 1
lapakUmkm/features/users/service/service.go:76.28,78.3 1 1
lapakUmkm/features/users/service/service.go:81.2,82.52 2 1
lapakUmkm/features/users/service/service.go:82.52,84.3 1 1
lapakUmkm/features/users/service/service.go:86.2,86.30 1 1
lapakUmkm/features/users/service/service.go:89.92,91.16 2 0
lapakUmkm/features/users/service/service.go:91.16,93.3 1 0
lapakUmkm/features/users/service/service.go:95.2,96.34 2 0
lapakUmkm/features/users/service/service.go:96.34,98.3 1 0
lapakUmkm/features/users/service/service.go:100.2,106.52 6 0
lapakUmkm/features/users/service/service.go:106.52,108.3 1 0
lapakUmkm/features/users/service/service.go:110.2,110.34 1 0
